<?xml version="1.0" encoding="utf-8"?><test-results xmlns:xsi="http://www.w3.org/2001/XMLSchema-instance" xmlns:xsd="http://www.w3.org/2001/XMLSchema" name="Selenium Script Test" total="2" errors="0" failures="1" inconclusive="0" not-run="0" ignored="0" skipped="0" invalid="0" date="12-03-12" time="11-04-38"><environment nunit-version="" clr-version="v4.0.30319" os-version="Microsoft Windows NT 6.1.7601 Service Pack 1" platform="Win32NT" cwd="C:\Users\Michael\Documents\Projects\SeleniumScriptRunner\src\SeleniumScriptRunner\bin\Debug" machine-name="MICHAEL-VM-7" user="Michael" user-domain="Michael-VM-7" /><culture-info current-culture="English (United States)" current-uiculture="English (United States)" /><test-suite type="Suite" name="Selenium Script Test" success="False" time="19.846" executed="True" result="Failed"><results><test-suite type="TestFixture" name="firefox;7;windows" success="False" time="19.846" executed="True" result="Failed"><results><test-case name="Open Google Test Case" success="True" time="2.456" executed="True" asserts="1" result="Success"><properties><property name="SessionId" value="a2ee8007090aaca8f16a35d386d2afdc" /><property name="Link" value="http://saucelabs.com/jobs/a2ee8007090aaca8f16a35d386d2afdc" /></properties></test-case><test-case name="Doomed to Fail Test Case" success="False" time="4.149" executed="True" result="Failed"><properties><property name="SessionId" value="a2ee8007090aaca8f16a35d386d2fa47" /><property name="Link" value="http://saucelabs.com/jobs/a2ee8007090aaca8f16a35d386d2fa47" /></properties><failure><message>Unable to locate element: {"method":"id","selector":"nonExistentElement"}; duration or timeout: 32 milliseconds
For documentation on this error, please visit: http://seleniumhq.org/exceptions/no_such_element.html
Build info: version: '2.6.0', revision: '13840', time: '2011-09-13 14:55:30'
System info: os.name: 'Windows XP', os.arch: 'x86', os.version: '5.1', java.version: '1.6.0_30'
Driver info: driver.version: EventFiringWebDriver</message><stack-trace>assertElementPresent, id=nonExistentElement, </stack-trace></failure></test-case></results></test-suite></results></test-suite></test-results>